{"C:\\Users\\grusso\\cursos\\level-up\\elite\\practica\\lvlup-lib\\commitlint.config.cjs": {"path":"C:\\Users\\grusso\\cursos\\level-up\\elite\\practica\\lvlup-lib\\commitlint.config.cjs","all":true,"statementMap":{"0":{"start":{"line":1,"column":0},"end":{"line":1,"column":65}}},"s":{"0":0},"branchMap":{"0":{"type":"branch","line":1,"loc":{"start":{"line":1,"column":65},"end":{"line":1,"column":65}},"locations":[{"start":{"line":1,"column":65},"end":{"line":1,"column":65}}]}},"b":{"0":[0]},"fnMap":{"0":{"name":"(empty-report)","decl":{"start":{"line":1,"column":65},"end":{"line":1,"column":65}},"loc":{"start":{"line":1,"column":65},"end":{"line":1,"column":65}},"line":1}},"f":{"0":0}}
,"C:\\Users\\grusso\\cursos\\level-up\\elite\\practica\\lvlup-lib\\src\\index.ts": {"path":"C:\\Users\\grusso\\cursos\\level-up\\elite\\practica\\lvlup-lib\\src\\index.ts","all":false,"statementMap":{"0":{"start":{"line":1,"column":0},"end":{"line":1,"column":44}},"1":{"start":{"line":2,"column":0},"end":{"line":2,"column":12}},"2":{"start":{"line":3,"column":0},"end":{"line":3,"column":1}}},"s":{"0":1,"1":1,"2":1},"branchMap":{"0":{"type":"branch","line":1,"loc":{"start":{"line":1,"column":18},"end":{"line":3,"column":1}},"locations":[{"start":{"line":1,"column":18},"end":{"line":3,"column":1}}]}},"b":{"0":[1]},"fnMap":{"0":{"name":"fn","decl":{"start":{"line":1,"column":18},"end":{"line":3,"column":1}},"loc":{"start":{"line":1,"column":18},"end":{"line":3,"column":1}},"line":1}},"f":{"0":1}}
}
